生成启动时间为 2019/11/7 15:02:21。
     1>项目“E:\TempWorkStation\sgi_stl_source_reading\stl_cyg\stl_sgi.vcxproj”在节点 2 上(Build 个目标)。
     1>ClCompile:
         C:\Program Files (x86)\Microsoft Visual Studio 12.0\VC\bin\CL.exe /c /Zi /nologo /W3 /WX- /Od /Oy- /D WIN32 /D _DEBUG /D _WINDOWS /Gm /EHsc /RTC1 /MDd /GS /fp:precise /Zc:wchar_t /Zc:forScope /Fo"Debug\\" /Fd"Debug\vc120.pdb" /Gd /TP /analyze- /errorReport:prompt source.cpp std\bastring.cc std\complext.cc
         complext.cc
     1>E:\TempWorkStation\sgi_stl_source_reading\stl_cyg\cmath(6): fatal error C1083: 无法打开包括文件: “_G_config.h”: No such file or directory
         bastring.cc
     1>std\bastring.cc(30): error C2143: 语法错误 : 缺少“;”(在“<”的前面)
     1>std\bastring.cc(30): error C2433: “basic_string”: 不允许在数据声明中使用“inline”
     1>std\bastring.cc(30): error C2988: 不可识别的模板声明/定义
     1>std\bastring.cc(30): error C2059: 语法错误:“<”
     1>std\bastring.cc(30): error C3083: “Rep”:“::”左侧的符号必须是一种类型
     1>std\bastring.cc(37): error C3083: “Rep”:“::”左侧的符号必须是一种类型
     1>std\bastring.cc(39): error C2143: 语法错误 : 缺少“;”(在“{”的前面)
     1>std\bastring.cc(39): error C2447: “{”: 缺少函数标题(是否是老式的形式表?)
     1>std\bastring.cc(46): error C2143: 语法错误 : 缺少“;”(在“<”的前面)
     1>std\bastring.cc(46): error C2433: “basic_string”: 不允许在数据声明中使用“inline”
     1>std\bastring.cc(46): error C2040: “basic_string”:“size_t”与“void *”的间接寻址级别不同
     1>std\bastring.cc(46): error C2988: 不可识别的模板声明/定义
     1>std\bastring.cc(46): error C2059: 语法错误:“<”
     1>std\bastring.cc(46): error C3083: “Rep”:“::”左侧的符号必须是一种类型
     1>std\bastring.cc(47): error C2039: “frob_size”: 不是“`global namespace'”的成员
     1>std\bastring.cc(55): error C2039: “Rep”: 不是“`global namespace'”的成员
     1>std\bastring.cc(56): error C3083: “Rep”:“::”左侧的符号必须是一种类型
     1>std\bastring.cc(57): error C2039: “create”: 不是“`global namespace'”的成员
     1>std\bastring.cc(58): error C2143: 语法错误 : 缺少“;”(在“{”的前面)
     1>std\bastring.cc(58): error C2447: “{”: 缺少函数标题(是否是老式的形式表?)
     1>std\bastring.cc(68): error C2143: 语法错误 : 缺少“;”(在“<”的前面)
     1>std\bastring.cc(68): error C2371: “basic_string”: 重定义；不同的基类型
                 std\bastring.cc(30) : 参见“basic_string”的声明
     1>std\bastring.cc(68): error C2988: 不可识别的模板声明/定义
     1>std\bastring.cc(68): error C2059: 语法错误:“<”
     1>std\bastring.cc(68): error C3083: “Rep”:“::”左侧的符号必须是一种类型
     1>std\bastring.cc(69): error C2039: “clone”: 不是“`global namespace'”的成员
     1>std\bastring.cc(78): error C3083: “Rep”:“::”左侧的符号必须是一种类型
     1>std\bastring.cc(79): error C2039: “excess_slop”: 不是“`global namespace'”的成员
     1>std\bastring.cc(80): error C2143: 语法错误 : 缺少“;”(在“{”的前面)
     1>std\bastring.cc(80): error C2447: “{”: 缺少函数标题(是否是老式的形式表?)
     1>std\bastring.cc(85): error C2143: 语法错误 : 缺少“;”(在“<”的前面)
     1>std\bastring.cc(85): error C2433: “basic_string”: 不允许在数据声明中使用“inline”
     1>std\bastring.cc(85): error C2040: “basic_string”:“bool”与“void *”的间接寻址级别不同
     1>std\bastring.cc(85): error C2988: 不可识别的模板声明/定义
     1>std\bastring.cc(85): error C2059: 语法错误:“<”
     1>std\bastring.cc(86): error C2039: “check_realloc”: 不是“`global namespace'”的成员
     1>std\bastring.cc(86): error C2825: 'basic_string': 当后面跟“::”时必须为类或命名空间
     1>std\bastring.cc(86): error C2039: “size_type”: 不是“`global namespace'”的成员
     1>std\bastring.cc(97): error C2039: “alloc”: 不是“`global namespace'”的成员
     1>std\bastring.cc(97): error C2825: 'basic_string': 当后面跟“::”时必须为类或命名空间
     1>std\bastring.cc(97): error C2039: “size_type”: 不是“`global namespace'”的成员
     1>std\bastring.cc(98): error C2143: 语法错误 : 缺少“;”(在“{”的前面)
     1>std\bastring.cc(98): error C2447: “{”: 缺少函数标题(是否是老式的形式表?)
     1>std\bastring.cc(116): error C2143: 语法错误 : 缺少“;”(在“<”的前面)
     1>std\bastring.cc(116): error C2988: 不可识别的模板声明/定义
     1>std\bastring.cc(116): error C2059: 语法错误:“<”
     1>std\bastring.cc(118): error C2039: “replace”: 不是“`global namespace'”的成员
     1>std\bastring.cc(135): error C3083: “Rep”:“::”左侧的符号必须是一种类型
     1>std\bastring.cc(136): error C2039: “copy”: 不是“`global namespace'”的成员
     1>std\bastring.cc(137): error C2143: 语法错误 : 缺少“;”(在“{”的前面)
     1>std\bastring.cc(137): error C2447: “{”: 缺少函数标题(是否是老式的形式表?)
     1>std\bastring.cc(143): error C2143: 语法错误 : 缺少“;”(在“<”的前面)
     1>std\bastring.cc(143): error C2182: “basic_string”: 非法使用“void”类型
     1>std\bastring.cc(143): error C2433: “basic_string”: 不允许在数据声明中使用“inline”
     1>std\bastring.cc(143): error C2040: “basic_string”:“int”与“void *”的间接寻址级别不同
     1>std\bastring.cc(143): error C2988: 不可识别的模板声明/定义
     1>std\bastring.cc(143): error C2059: 语法错误:“<”
     1>std\bastring.cc(143): error C3083: “Rep”:“::”左侧的符号必须是一种类型
     1>std\bastring.cc(144): error C2039: “move”: 不是“`global namespace'”的成员
     1>std\bastring.cc(153): error C2039: “replace”: 不是“`global namespace'”的成员
     1>std\bastring.cc(154): error C2143: 语法错误 : 缺少“;”(在“{”的前面)
     1>std\bastring.cc(154): error C2447: “{”: 缺少函数标题(是否是老式的形式表?)
     1>std\bastring.cc(181): error C2143: 语法错误 : 缺少“;”(在“<”的前面)
     1>std\bastring.cc(181): error C2182: “basic_string”: 非法使用“void”类型
     1>std\bastring.cc(181): error C2433: “basic_string”: 不允许在数据声明中使用“inline”
     1>std\bastring.cc(181): error C2040: “basic_string”:“int”与“void *”的间接寻址级别不同
     1>std\bastring.cc(181): error C2988: 不可识别的模板声明/定义
     1>std\bastring.cc(181): error C2059: 语法错误:“<”
     1>std\bastring.cc(181): error C3083: “Rep”:“::”左侧的符号必须是一种类型
     1>std\bastring.cc(182): error C2039: “set”: 不是“`global namespace'”的成员
     1>std\bastring.cc(189): error C2039: “replace”: 不是“`global namespace'”的成员
     1>std\bastring.cc(190): error C2143: 语法错误 : 缺少“;”(在“{”的前面)
     1>std\bastring.cc(190): error C2447: “{”: 缺少函数标题(是否是老式的形式表?)
     1>std\bastring.cc(217): error C2143: 语法错误 : 缺少“;”(在“<”的前面)
     1>std\bastring.cc(217): error C2182: “basic_string”: 非法使用“void”类型
     1>std\bastring.cc(217): error C2040: “basic_string”:“int”与“void *”的间接寻址级别不同
     1>std\bastring.cc(217): error C2988: 不可识别的模板声明/定义
     1>std\bastring.cc(217): error C2059: 语法错误:“<”
     1>std\bastring.cc(218): error C2039: “resize”: 不是“`global namespace'”的成员
     1>std\bastring.cc(230): error C2039: “size_type”: 不是“`global namespace'”的成员
     1>std\bastring.cc(231): error C2039: “copy”: 不是“`global namespace'”的成员
     1>std\bastring.cc(232): error C2143: 语法错误 : 缺少“;”(在“{”的前面)
     1>std\bastring.cc(232): error C2447: “{”: 缺少函数标题(是否是老式的形式表?)
     1>std\bastring.cc(243): error C2143: 语法错误 : 缺少“;”(在“<”的前面)
     1>std\bastring.cc(243): error C2988: 不可识别的模板声明/定义
     1>std\bastring.cc(243): error C2059: 语法错误:“<”
     1>std\bastring.cc(243): error C2039: “size_type”: 不是“`global namespace'”的成员
     1>std\bastring.cc(245): error C2039: “find”: 不是“`global namespace'”的成员
     1>std\bastring.cc(257): error C2039: “size_type”: 不是“`global namespace'”的成员
     1>std\bastring.cc(258): error C2039: “_find”: 不是“`global namespace'”的成员
     1>std\bastring.cc(259): error C2143: 语法错误 : 缺少“;”(在“{”的前面)
     1>std\bastring.cc(259): error C2447: “{”: 缺少函数标题(是否是老式的形式表?)
     1>std\bastring.cc(267): error C2143: 语法错误 : 缺少“;”(在“<”的前面)
     1>std\bastring.cc(267): error C2988: 不可识别的模板声明/定义
     1>std\bastring.cc(267): error C2059: 语法错误:“<”
     1>std\bastring.cc(267): error C2039: “size_type”: 不是“`global namespace'”的成员
     1>std\bastring.cc(269): error C2039: “find”: 不是“`global namespace'”的成员
     1>std\bastring.cc(276): error C2039: “size_type”: 不是“`global namespace'”的成员
     1>std\bastring.cc(277): error C2039: “rfind”: 不是“`global namespace'”的成员
     1>std\bastring.cc(278): error C2143: 语法错误 : 缺少“;”(在“{”的前面)
     1>std\bastring.cc(278): error C2447: “{”: 缺少函数标题(是否是老式的形式表?)
     1>std\bastring.cc(278): fatal error C1003: 错误计数超过 100；正在停止编译
         source.cpp
     1>E:\TempWorkStation\sgi_stl_source_reading\stl_cyg\type_traits.h(93): error C2906: “__type_traits<char>”: 显式专用化需要“template <>”
     1>E:\TempWorkStation\sgi_stl_source_reading\stl_cyg\type_traits.h(101): error C2906: “__type_traits<signed char>”: 显式专用化需要“template <>”
     1>E:\TempWorkStation\sgi_stl_source_reading\stl_cyg\type_traits.h(109): error C2906: “__type_traits<unsigned char>”: 显式专用化需要“template <>”
     1>E:\TempWorkStation\sgi_stl_source_reading\stl_cyg\type_traits.h(117): error C2906: “__type_traits<short>”: 显式专用化需要“template <>”
     1>E:\TempWorkStation\sgi_stl_source_reading\stl_cyg\type_traits.h(125): error C2906: “__type_traits<unsigned short>”: 显式专用化需要“template <>”
     1>E:\TempWorkStation\sgi_stl_source_reading\stl_cyg\type_traits.h(133): error C2906: “__type_traits<int>”: 显式专用化需要“template <>”
     1>E:\TempWorkStation\sgi_stl_source_reading\stl_cyg\type_traits.h(141): error C2906: “__type_traits<unsigned int>”: 显式专用化需要“template <>”
     1>E:\TempWorkStation\sgi_stl_source_reading\stl_cyg\type_traits.h(149): error C2906: “__type_traits<long>”: 显式专用化需要“template <>”
     1>E:\TempWorkStation\sgi_stl_source_reading\stl_cyg\type_traits.h(157): error C2906: “__type_traits<unsigned long>”: 显式专用化需要“template <>”
     1>E:\TempWorkStation\sgi_stl_source_reading\stl_cyg\type_traits.h(165): error C2906: “__type_traits<float>”: 显式专用化需要“template <>”
     1>E:\TempWorkStation\sgi_stl_source_reading\stl_cyg\type_traits.h(173): error C2906: “__type_traits<double>”: 显式专用化需要“template <>”
     1>E:\TempWorkStation\sgi_stl_source_reading\stl_cyg\type_traits.h(181): error C2906: “__type_traits<long double>”: 显式专用化需要“template <>”
     1>E:\TempWorkStation\sgi_stl_source_reading\stl_cyg\type_traits.h(202): error C2906: “__type_traits<char*>”: 显式专用化需要“template <>”
     1>E:\TempWorkStation\sgi_stl_source_reading\stl_cyg\type_traits.h(210): error C2906: “__type_traits<signed char*>”: 显式专用化需要“template <>”
     1>E:\TempWorkStation\sgi_stl_source_reading\stl_cyg\type_traits.h(218): error C2906: “__type_traits<unsigned char*>”: 显式专用化需要“template <>”
     1>E:\TempWorkStation\sgi_stl_source_reading\stl_cyg\libio.h(30): fatal error C1083: 无法打开包括文件: “_G_config.h”: No such file or directory
         正在生成代码...
     1>已完成生成项目“E:\TempWorkStation\sgi_stl_source_reading\stl_cyg\stl_sgi.vcxproj”(Build 个目标)的操作 - 失败。

生成失败。

已用时间 00:00:00.62
